# JRE version: OpenJDK Runtime Environment Temurin-17.0.13+11 (17.0.13+11) (build 17.0.13+11)
# Java VM: OpenJDK 64-Bit Server VM Temurin-17.0.13+11 (17.0.13+11, mixed mode, tiered, compressed oops, compressed class ptrs, parallel gc, windows-amd64)
GC Precious Log:
 CPUs: 4 total, 4 available
 Memory: 7981M
 Large Page Support: Disabled
 NUMA Support: Disabled
 Compressed Oops: Enabled (32-bit)
 Alignments: Space 512K, Generation 512K, Heap 2M
 Heap Min Capacity: 100M
 Heap Initial Capacity: 100M
 Heap Max Capacity: 1G
 Pre-touch: Disabled
 Parallel Workers: 4
Heap:
 PSYoungGen      total 25600K, used 16085K [0x00000000eab00000, 0x00000000ecb80000, 0x0000000100000000)
  eden space 19968K, 52% used [0x00000000eab00000,0x00000000eb5392c0,0x00000000ebe80000)
  from space 5632K, 99% used [0x00000000ebe80000,0x00000000ec3fc3d0,0x00000000ec400000)
  to   space 6656K, 0% used [0x00000000ec500000,0x00000000ec500000,0x00000000ecb80000)
 ParOldGen       total 342528K, used 342179K [0x00000000c0000000, 0x00000000d4e80000, 0x00000000eab00000)
  object space 342528K, 99% used [0x00000000c0000000,0x00000000d4e28cc0,0x00000000d4e80000)
 Metaspace       used 75557K, committed 76864K, reserved 1179648K
  class space    used 7821K, committed 8384K, reserved 1048576K
GC Heap History (20 events):
Event: 70.273 GC heap before
{Heap before GC invocations=324 (full 14):
 PSYoungGen      total 24576K, used 23489K [0x00000000eab00000, 0x00000000ec980000, 0x0000000100000000)
  eden space 18944K, 100% used [0x00000000eab00000,0x00000000ebd80000,0x00000000ebd80000)
  from space 5632K, 80% used [0x00000000ebe80000,0x00000000ec2f04e0,0x00000000ec400000)
  to   space 4096K, 0% used [0x00000000ec580000,0x00000000ec580000,0x00000000ec980000)
 ParOldGen       total 342528K, used 287266K [0x00000000c0000000, 0x00000000d4e80000, 0x00000000eab00000)
  object space 342528K, 83% used [0x00000000c0000000,0x00000000d1888b78,0x00000000d4e80000)
 Metaspace       used 75546K, committed 76864K, reserved 1179648K
  class space    used 7821K, committed 8384K, reserved 1048576K
}
Event: 70.282 GC heap after
{Heap after GC invocations=324 (full 14):
 PSYoungGen      total 23040K, used 4065K [0x00000000eab00000, 0x00000000ec980000, 0x0000000100000000)
  eden space 18944K, 0% used [0x00000000eab00000,0x00000000eab00000,0x00000000ebd80000)
  from space 4096K, 99% used [0x00000000ec580000,0x00000000ec978458,0x00000000ec980000)
  to   space 5632K, 0% used [0x00000000ebe80000,0x00000000ebe80000,0x00000000ec400000)
 ParOldGen       total 342528K, used 292046K [0x00000000c0000000, 0x00000000d4e80000, 0x00000000eab00000)
  object space 342528K, 85% used [0x00000000c0000000,0x00000000d1d33b20,0x00000000d4e80000)
 Metaspace       used 75546K, committed 76864K, reserved 1179648K
  class space    used 7821K, committed 8384K, reserved 1048576K
}
Event: 70.365 GC heap before
{Heap before GC invocations=325 (full 14):
 PSYoungGen      total 23040K, used 23009K [0x00000000eab00000, 0x00000000ec980000, 0x0000000100000000)
  eden space 18944K, 100% used [0x00000000eab00000,0x00000000ebd80000,0x00000000ebd80000)
  from space 4096K, 99% used [0x00000000ec580000,0x00000000ec978458,0x00000000ec980000)
  to   space 5632K, 0% used [0x00000000ebe80000,0x00000000ebe80000,0x00000000ec400000)
 ParOldGen       total 342528K, used 292046K [0x00000000c0000000, 0x00000000d4e80000, 0x00000000eab00000)
  object space 342528K, 85% used [0x00000000c0000000,0x00000000d1d33b20,0x00000000d4e80000)
 Metaspace       used 75546K, committed 76864K, reserved 1179648K
  class space    used 7821K, committed 8384K, reserved 1048576K
}
Event: 70.370 GC heap after
{Heap after GC invocations=325 (full 14):
 PSYoungGen      total 25088K, used 4482K [0x00000000eab00000, 0x00000000eca00000, 0x0000000100000000)
  eden space 19456K, 0% used [0x00000000eab00000,0x00000000eab00000,0x00000000ebe00000)
  from space 5632K, 79% used [0x00000000ebe80000,0x00000000ec2e0848,0x00000000ec400000)
  to   space 6144K, 0% used [0x00000000ec400000,0x00000000ec400000,0x00000000eca00000)
 ParOldGen       total 342528K, used 295944K [0x00000000c0000000, 0x00000000d4e80000, 0x00000000eab00000)
  object space 342528K, 86% used [0x00000000c0000000,0x00000000d21023a8,0x00000000d4e80000)
 Metaspace       used 75546K, committed 76864K, reserved 1179648K
  class space    used 7821K, committed 8384K, reserved 1048576K
}
Event: 70.445 GC heap before
{Heap before GC invocations=326 (full 14):
 PSYoungGen      total 25088K, used 23938K [0x00000000eab00000, 0x00000000eca00000, 0x0000000100000000)
  eden space 19456K, 100% used [0x00000000eab00000,0x00000000ebe00000,0x00000000ebe00000)
  from space 5632K, 79% used [0x00000000ebe80000,0x00000000ec2e0848,0x00000000ec400000)
  to   space 6144K, 0% used [0x00000000ec400000,0x00000000ec400000,0x00000000eca00000)
 ParOldGen       total 342528K, used 295944K [0x00000000c0000000, 0x00000000d4e80000, 0x00000000eab00000)
  object space 342528K, 86% used [0x00000000c0000000,0x00000000d21023a8,0x00000000d4e80000)
 Metaspace       used 75546K, committed 76864K, reserved 1179648K
  class space    used 7821K, committed 8384K, reserved 1048576K
}
Event: 70.452 GC heap after
{Heap after GC invocations=326 (full 14):
 PSYoungGen      total 25600K, used 6122K [0x00000000eab00000, 0x00000000eca00000, 0x0000000100000000)
  eden space 19456K, 0% used [0x00000000eab00000,0x00000000eab00000,0x00000000ebe00000)
  from space 6144K, 99% used [0x00000000ec400000,0x00000000ec9fabb0,0x00000000eca00000)
  to   space 5632K, 0% used [0x00000000ebe80000,0x00000000ebe80000,0x00000000ec400000)
 ParOldGen       total 342528K, used 298849K [0x00000000c0000000, 0x00000000d4e80000, 0x00000000eab00000)
  object space 342528K, 87% used [0x00000000c0000000,0x00000000d23d8728,0x00000000d4e80000)
 Metaspace       used 75546K, committed 76864K, reserved 1179648K
  class space    used 7821K, committed 8384K, reserved 1048576K
}
Event: 70.531 GC heap before
{Heap before GC invocations=327 (full 14):
 PSYoungGen      total 25600K, used 25578K [0x00000000eab00000, 0x00000000eca00000, 0x0000000100000000)
  eden space 19456K, 100% used [0x00000000eab00000,0x00000000ebe00000,0x00000000ebe00000)
  from space 6144K, 99% used [0x00000000ec400000,0x00000000ec9fabb0,0x00000000eca00000)
  to   space 5632K, 0% used [0x00000000ebe80000,0x00000000ebe80000,0x00000000ec400000)
 ParOldGen       total 342528K, used 298849K [0x00000000c0000000, 0x00000000d4e80000, 0x00000000eab00000)
  object space 342528K, 87% used [0x00000000c0000000,0x00000000d23d8728,0x00000000d4e80000)
 Metaspace       used 75546K, committed 76864K, reserved 1179648K
  class space    used 7821K, committed 8384K, reserved 1048576K
}
Event: 70.538 GC heap after
{Heap after GC invocations=327 (full 14):
 PSYoungGen      total 25600K, used 4736K [0x00000000eab00000, 0x00000000ecb80000, 0x0000000100000000)
  eden space 19968K, 0% used [0x00000000eab00000,0x00000000eab00000,0x00000000ebe80000)
  from space 5632K, 84% used [0x00000000ebe80000,0x00000000ec320358,0x00000000ec400000)
  to   space 6656K, 0% used [0x00000000ec500000,0x00000000ec500000,0x00000000ecb80000)
 ParOldGen       total 342528K, used 304691K [0x00000000c0000000, 0x00000000d4e80000, 0x00000000eab00000)
  object space 342528K, 88% used [0x00000000c0000000,0x00000000d298cc90,0x00000000d4e80000)
 Metaspace       used 75546K, committed 76864K, reserved 1179648K
  class space    used 7821K, committed 8384K, reserved 1048576K
}
Event: 70.617 GC heap before
{Heap before GC invocations=328 (full 14):
 PSYoungGen      total 25600K, used 24704K [0x00000000eab00000, 0x00000000ecb80000, 0x0000000100000000)
  eden space 19968K, 100% used [0x00000000eab00000,0x00000000ebe80000,0x00000000ebe80000)
  from space 5632K, 84% used [0x00000000ebe80000,0x00000000ec320358,0x00000000ec400000)
  to   space 6656K, 0% used [0x00000000ec500000,0x00000000ec500000,0x00000000ecb80000)
 ParOldGen       total 342528K, used 304691K [0x00000000c0000000, 0x00000000d4e80000, 0x00000000eab00000)
  object space 342528K, 88% used [0x00000000c0000000,0x00000000d298cc90,0x00000000d4e80000)
 Metaspace       used 75546K, committed 76864K, reserved 1179648K
  class space    used 7821K, committed 8384K, reserved 1048576K
}
Event: 70.623 GC heap after
{Heap after GC invocations=328 (full 14):
 PSYoungGen      total 26624K, used 6649K [0x00000000eab00000, 0x00000000ecb80000, 0x0000000100000000)
  eden space 19968K, 0% used [0x00000000eab00000,0x00000000eab00000,0x00000000ebe80000)
  from space 6656K, 99% used [0x00000000ec500000,0x00000000ecb7e4c8,0x00000000ecb80000)
  to   space 5632K, 0% used [0x00000000ebe80000,0x00000000ebe80000,0x00000000ec400000)
 ParOldGen       total 342528K, used 307843K [0x00000000c0000000, 0x00000000d4e80000, 0x00000000eab00000)
  object space 342528K, 89% used [0x00000000c0000000,0x00000000d2ca0d40,0x00000000d4e80000)
 Metaspace       used 75546K, committed 76864K, reserved 1179648K
  class space    used 7821K, committed 8384K, reserved 1048576K
}
Event: 70.706 GC heap before
{Heap before GC invocations=329 (full 14):
 PSYoungGen      total 26624K, used 26617K [0x00000000eab00000, 0x00000000ecb80000, 0x0000000100000000)
  eden space 19968K, 100% used [0x00000000eab00000,0x00000000ebe80000,0x00000000ebe80000)
  from space 6656K, 99% used [0x00000000ec500000,0x00000000ecb7e4c8,0x00000000ecb80000)
  to   space 5632K, 0% used [0x00000000ebe80000,0x00000000ebe80000,0x00000000ec400000)
 ParOldGen       total 342528K, used 307843K [0x00000000c0000000, 0x00000000d4e80000, 0x00000000eab00000)
  object space 342528K, 89% used [0x00000000c0000000,0x00000000d2ca0d40,0x00000000d4e80000)
 Metaspace       used 75546K, committed 76864K, reserved 1179648K
  class space    used 7821K, committed 8384K, reserved 1048576K
}
Event: 70.716 GC heap after
{Heap after GC invocations=329 (full 14):
 PSYoungGen      total 25600K, used 5329K [0x00000000eab00000, 0x00000000ecb80000, 0x0000000100000000)
  eden space 19968K, 0% used [0x00000000eab00000,0x00000000eab00000,0x00000000ebe80000)
  from space 5632K, 94% used [0x00000000ebe80000,0x00000000ec3b4660,0x00000000ec400000)
  to   space 6656K, 0% used [0x00000000ec500000,0x00000000ec500000,0x00000000ecb80000)
 ParOldGen       total 342528K, used 314261K [0x00000000c0000000, 0x00000000d4e80000, 0x00000000eab00000)
  object space 342528K, 91% used [0x00000000c0000000,0x00000000d32e55f8,0x00000000d4e80000)
 Metaspace       used 75546K, committed 76864K, reserved 1179648K
  class space    used 7821K, committed 8384K, reserved 1048576K
}
Event: 70.758 GC heap before
{Heap before GC invocations=330 (full 14):
 PSYoungGen      total 25600K, used 25297K [0x00000000eab00000, 0x00000000ecb80000, 0x0000000100000000)
  eden space 19968K, 100% used [0x00000000eab00000,0x00000000ebe80000,0x00000000ebe80000)
  from space 5632K, 94% used [0x00000000ebe80000,0x00000000ec3b4660,0x00000000ec400000)
  to   space 6656K, 0% used [0x00000000ec500000,0x00000000ec500000,0x00000000ecb80000)
 ParOldGen       total 342528K, used 314261K [0x00000000c0000000, 0x00000000d4e80000, 0x00000000eab00000)
  object space 342528K, 91% used [0x00000000c0000000,0x00000000d32e55f8,0x00000000d4e80000)
 Metaspace       used 75546K, committed 76864K, reserved 1179648K
  class space    used 7821K, committed 8384K, reserved 1048576K
}
Event: 70.765 GC heap after
{Heap after GC invocations=330 (full 14):
 PSYoungGen      total 26624K, used 6641K [0x00000000eab00000, 0x00000000ecb80000, 0x0000000100000000)
  eden space 19968K, 0% used [0x00000000eab00000,0x00000000eab00000,0x00000000ebe80000)
  from space 6656K, 99% used [0x00000000ec500000,0x00000000ecb7c448,0x00000000ecb80000)
  to   space 5632K, 0% used [0x00000000ebe80000,0x00000000ebe80000,0x00000000ec400000)
 ParOldGen       total 342528K, used 319581K [0x00000000c0000000, 0x00000000d4e80000, 0x00000000eab00000)
  object space 342528K, 93% used [0x00000000c0000000,0x00000000d3817650,0x00000000d4e80000)
 Metaspace       used 75546K, committed 76864K, reserved 1179648K
  class space    used 7821K, committed 8384K, reserved 1048576K
}
Event: 70.798 GC heap before
{Heap before GC invocations=331 (full 14):
 PSYoungGen      total 26624K, used 26609K [0x00000000eab00000, 0x00000000ecb80000, 0x0000000100000000)
  eden space 19968K, 100% used [0x00000000eab00000,0x00000000ebe80000,0x00000000ebe80000)
  from space 6656K, 99% used [0x00000000ec500000,0x00000000ecb7c448,0x00000000ecb80000)
  to   space 5632K, 0% used [0x00000000ebe80000,0x00000000ebe80000,0x00000000ec400000)
 ParOldGen       total 342528K, used 319581K [0x00000000c0000000, 0x00000000d4e80000, 0x00000000eab00000)
  object space 342528K, 93% used [0x00000000c0000000,0x00000000d3817650,0x00000000d4e80000)
 Metaspace       used 75546K, committed 76864K, reserved 1179648K
  class space    used 7821K, committed 8384K, reserved 1048576K
}
Event: 70.805 GC heap after
{Heap after GC invocations=331 (full 14):
 PSYoungGen      total 25600K, used 5621K [0x00000000eab00000, 0x00000000ecb80000, 0x0000000100000000)
  eden space 19968K, 0% used [0x00000000eab00000,0x00000000eab00000,0x00000000ebe80000)
  from space 5632K, 99% used [0x00000000ebe80000,0x00000000ec3fd5f0,0x00000000ec400000)
  to   space 6656K, 0% used [0x00000000ec500000,0x00000000ec500000,0x00000000ecb80000)
 ParOldGen       total 342528K, used 327708K [0x00000000c0000000, 0x00000000d4e80000, 0x00000000eab00000)
  object space 342528K, 95% used [0x00000000c0000000,0x00000000d4007368,0x00000000d4e80000)
 Metaspace       used 75546K, committed 76864K, reserved 1179648K
  class space    used 7821K, committed 8384K, reserved 1048576K
}
Event: 70.834 GC heap before
{Heap before GC invocations=332 (full 14):
 PSYoungGen      total 25600K, used 25589K [0x00000000eab00000, 0x00000000ecb80000, 0x0000000100000000)
  eden space 19968K, 100% used [0x00000000eab00000,0x00000000ebe80000,0x00000000ebe80000)
  from space 5632K, 99% used [0x00000000ebe80000,0x00000000ec3fd5f0,0x00000000ec400000)
  to   space 6656K, 0% used [0x00000000ec500000,0x00000000ec500000,0x00000000ecb80000)
 ParOldGen       total 342528K, used 327708K [0x00000000c0000000, 0x00000000d4e80000, 0x00000000eab00000)
  object space 342528K, 95% used [0x00000000c0000000,0x00000000d4007368,0x00000000d4e80000)
 Metaspace       used 75546K, committed 76864K, reserved 1179648K
  class space    used 7821K, committed 8384K, reserved 1048576K
}
Event: 70.838 GC heap after
{Heap after GC invocations=332 (full 14):
 PSYoungGen      total 26624K, used 6646K [0x00000000eab00000, 0x00000000ecb80000, 0x0000000100000000)
  eden space 19968K, 0% used [0x00000000eab00000,0x00000000eab00000,0x00000000ebe80000)
  from space 6656K, 99% used [0x00000000ec500000,0x00000000ecb7db88,0x00000000ecb80000)
  to   space 5632K, 0% used [0x00000000ebe80000,0x00000000ebe80000,0x00000000ec400000)
 ParOldGen       total 342528K, used 334254K [0x00000000c0000000, 0x00000000d4e80000, 0x00000000eab00000)
  object space 342528K, 97% used [0x00000000c0000000,0x00000000d466ba70,0x00000000d4e80000)
 Metaspace       used 75546K, committed 76864K, reserved 1179648K
  class space    used 7821K, committed 8384K, reserved 1048576K
}
Event: 71.147 GC heap before
{Heap before GC invocations=333 (full 14):
 PSYoungGen      total 26624K, used 26614K [0x00000000eab00000, 0x00000000ecb80000, 0x0000000100000000)
  eden space 19968K, 100% used [0x00000000eab00000,0x00000000ebe80000,0x00000000ebe80000)
  from space 6656K, 99% used [0x00000000ec500000,0x00000000ecb7db88,0x00000000ecb80000)
  to   space 5632K, 0% used [0x00000000ebe80000,0x00000000ebe80000,0x00000000ec400000)
 ParOldGen       total 342528K, used 334254K [0x00000000c0000000, 0x00000000d4e80000, 0x00000000eab00000)
  object space 342528K, 97% used [0x00000000c0000000,0x00000000d466ba70,0x00000000d4e80000)
 Metaspace       used 75552K, committed 76864K, reserved 1179648K
  class space    used 7821K, committed 8384K, reserved 1048576K
}
Event: 71.152 GC heap after
{Heap after GC invocations=333 (full 14):
 PSYoungGen      total 25600K, used 5616K [0x00000000eab00000, 0x00000000ecb80000, 0x0000000100000000)
  eden space 19968K, 0% used [0x00000000eab00000,0x00000000eab00000,0x00000000ebe80000)
  from space 5632K, 99% used [0x00000000ebe80000,0x00000000ec3fc3d0,0x00000000ec400000)
  to   space 6656K, 0% used [0x00000000ec500000,0x00000000ec500000,0x00000000ecb80000)
 ParOldGen       total 342528K, used 342179K [0x00000000c0000000, 0x00000000d4e80000, 0x00000000eab00000)
  object space 342528K, 99% used [0x00000000c0000000,0x00000000d4e28cc0,0x00000000d4e80000)
 Metaspace       used 75552K, committed 76864K, reserved 1179648K
  class space    used 7821K, committed 8384K, reserved 1048576K
}

