# JRE version: OpenJDK Runtime Environment Temurin-17.0.13+11 (17.0.13+11) (build 17.0.13+11)
# Java VM: OpenJDK 64-Bit Server VM Temurin-17.0.13+11 (17.0.13+11, mixed mode, tiered, compressed oops, compressed class ptrs, parallel gc, windows-amd64)
GC Precious Log:
 CPUs: 4 total, 4 available
 Memory: 7981M
 Large Page Support: Disabled
 NUMA Support: Disabled
 Compressed Oops: Enabled (32-bit)
 Alignments: Space 512K, Generation 512K, Heap 2M
 Heap Min Capacity: 100M
 Heap Initial Capacity: 100M
 Heap Max Capacity: 1G
 Pre-touch: Disabled
 Parallel Workers: 4
Heap:
 PSYoungGen      total 24576K, used 10660K [0x00000000eab00000, 0x00000000ec980000, 0x0000000100000000)
  eden space 22016K, 36% used [0x00000000eab00000,0x00000000eb2edd98,0x00000000ec080000)
  from space 2560K, 99% used [0x00000000ec180000,0x00000000ec3fb578,0x00000000ec400000)
  to   space 4608K, 0% used [0x00000000ec500000,0x00000000ec500000,0x00000000ec980000)
 ParOldGen       total 68608K, used 38054K [0x00000000c0000000, 0x00000000c4300000, 0x00000000eab00000)
  object space 68608K, 55% used [0x00000000c0000000,0x00000000c2529980,0x00000000c4300000)
 Metaspace       used 57687K, committed 58880K, reserved 1114112K
  class space    used 6160K, committed 6720K, reserved 1048576K
GC Heap History (20 events):
Event: 15.184 GC heap before
{Heap before GC invocations=20 (full 2):
 PSYoungGen      total 23552K, used 23529K [0x00000000eab00000, 0x00000000ec780000, 0x0000000100000000)
  eden space 22016K, 99% used [0x00000000eab00000,0x00000000ec07f010,0x00000000ec080000)
  from space 1536K, 98% used [0x00000000ec200000,0x00000000ec37b510,0x00000000ec380000)
  to   space 3584K, 0% used [0x00000000ec400000,0x00000000ec400000,0x00000000ec780000)
 ParOldGen       total 68608K, used 19895K [0x00000000c0000000, 0x00000000c4300000, 0x00000000eab00000)
  object space 68608K, 28% used [0x00000000c0000000,0x00000000c136dc98,0x00000000c4300000)
 Metaspace       used 50443K, committed 51584K, reserved 1114112K
  class space    used 5343K, committed 5888K, reserved 1048576K
}
Event: 15.199 GC heap after
{Heap after GC invocations=20 (full 2):
 PSYoungGen      total 24064K, used 1955K [0x00000000eab00000, 0x00000000ec600000, 0x0000000100000000)
  eden space 22016K, 0% used [0x00000000eab00000,0x00000000eab00000,0x00000000ec080000)
  from space 2048K, 95% used [0x00000000ec400000,0x00000000ec5e8c78,0x00000000ec600000)
  to   space 2560K, 0% used [0x00000000ec100000,0x00000000ec100000,0x00000000ec380000)
 ParOldGen       total 68608K, used 21401K [0x00000000c0000000, 0x00000000c4300000, 0x00000000eab00000)
  object space 68608K, 31% used [0x00000000c0000000,0x00000000c14e6790,0x00000000c4300000)
 Metaspace       used 50443K, committed 51584K, reserved 1114112K
  class space    used 5343K, committed 5888K, reserved 1048576K
}
Event: 16.004 GC heap before
{Heap before GC invocations=21 (full 2):
 PSYoungGen      total 24064K, used 23971K [0x00000000eab00000, 0x00000000ec600000, 0x0000000100000000)
  eden space 22016K, 100% used [0x00000000eab00000,0x00000000ec080000,0x00000000ec080000)
  from space 2048K, 95% used [0x00000000ec400000,0x00000000ec5e8c78,0x00000000ec600000)
  to   space 2560K, 0% used [0x00000000ec100000,0x00000000ec100000,0x00000000ec380000)
 ParOldGen       total 68608K, used 21401K [0x00000000c0000000, 0x00000000c4300000, 0x00000000eab00000)
  object space 68608K, 31% used [0x00000000c0000000,0x00000000c14e6790,0x00000000c4300000)
 Metaspace       used 51434K, committed 52608K, reserved 1114112K
  class space    used 5476K, committed 6016K, reserved 1048576K
}
Event: 16.010 GC heap after
{Heap after GC invocations=21 (full 2):
 PSYoungGen      total 24576K, used 2392K [0x00000000eab00000, 0x00000000ec580000, 0x0000000100000000)
  eden space 22016K, 0% used [0x00000000eab00000,0x00000000eab00000,0x00000000ec080000)
  from space 2560K, 93% used [0x00000000ec100000,0x00000000ec356210,0x00000000ec380000)
  to   space 2048K, 0% used [0x00000000ec380000,0x00000000ec380000,0x00000000ec580000)
 ParOldGen       total 68608K, used 23211K [0x00000000c0000000, 0x00000000c4300000, 0x00000000eab00000)
  object space 68608K, 33% used [0x00000000c0000000,0x00000000c16aaf18,0x00000000c4300000)
 Metaspace       used 51434K, committed 52608K, reserved 1114112K
  class space    used 5476K, committed 6016K, reserved 1048576K
}
Event: 17.257 GC heap before
{Heap before GC invocations=22 (full 2):
 PSYoungGen      total 24576K, used 24408K [0x00000000eab00000, 0x00000000ec580000, 0x0000000100000000)
  eden space 22016K, 100% used [0x00000000eab00000,0x00000000ec080000,0x00000000ec080000)
  from space 2560K, 93% used [0x00000000ec100000,0x00000000ec356210,0x00000000ec380000)
  to   space 2048K, 0% used [0x00000000ec380000,0x00000000ec380000,0x00000000ec580000)
 ParOldGen       total 68608K, used 23211K [0x00000000c0000000, 0x00000000c4300000, 0x00000000eab00000)
  object space 68608K, 33% used [0x00000000c0000000,0x00000000c16aaf18,0x00000000c4300000)
 Metaspace       used 52191K, committed 53376K, reserved 1114112K
  class space    used 5561K, committed 6144K, reserved 1048576K
}
Event: 17.265 GC heap after
{Heap after GC invocations=22 (full 2):
 PSYoungGen      total 24064K, used 1830K [0x00000000eab00000, 0x00000000ec580000, 0x0000000100000000)
  eden space 22016K, 0% used [0x00000000eab00000,0x00000000eab00000,0x00000000ec080000)
  from space 2048K, 89% used [0x00000000ec380000,0x00000000ec549840,0x00000000ec580000)
  to   space 2048K, 0% used [0x00000000ec180000,0x00000000ec180000,0x00000000ec380000)
 ParOldGen       total 68608K, used 25483K [0x00000000c0000000, 0x00000000c4300000, 0x00000000eab00000)
  object space 68608K, 37% used [0x00000000c0000000,0x00000000c18e2f48,0x00000000c4300000)
 Metaspace       used 52191K, committed 53376K, reserved 1114112K
  class space    used 5561K, committed 6144K, reserved 1048576K
}
Event: 17.629 GC heap before
{Heap before GC invocations=23 (full 2):
 PSYoungGen      total 24064K, used 23846K [0x00000000eab00000, 0x00000000ec580000, 0x0000000100000000)
  eden space 22016K, 100% used [0x00000000eab00000,0x00000000ec080000,0x00000000ec080000)
  from space 2048K, 89% used [0x00000000ec380000,0x00000000ec549840,0x00000000ec580000)
  to   space 2048K, 0% used [0x00000000ec180000,0x00000000ec180000,0x00000000ec380000)
 ParOldGen       total 68608K, used 25483K [0x00000000c0000000, 0x00000000c4300000, 0x00000000eab00000)
  object space 68608K, 37% used [0x00000000c0000000,0x00000000c18e2f48,0x00000000c4300000)
 Metaspace       used 52435K, committed 53632K, reserved 1114112K
  class space    used 5587K, committed 6144K, reserved 1048576K
}
Event: 17.634 GC heap after
{Heap after GC invocations=23 (full 2):
 PSYoungGen      total 24064K, used 2032K [0x00000000eab00000, 0x00000000ec880000, 0x0000000100000000)
  eden space 22016K, 0% used [0x00000000eab00000,0x00000000eab00000,0x00000000ec080000)
  from space 2048K, 99% used [0x00000000ec180000,0x00000000ec37c0b8,0x00000000ec380000)
  to   space 4096K, 0% used [0x00000000ec480000,0x00000000ec480000,0x00000000ec880000)
 ParOldGen       total 68608K, used 27135K [0x00000000c0000000, 0x00000000c4300000, 0x00000000eab00000)
  object space 68608K, 39% used [0x00000000c0000000,0x00000000c1a7ff50,0x00000000c4300000)
 Metaspace       used 52435K, committed 53632K, reserved 1114112K
  class space    used 5587K, committed 6144K, reserved 1048576K
}
Event: 18.248 GC heap before
{Heap before GC invocations=24 (full 2):
 PSYoungGen      total 24064K, used 24031K [0x00000000eab00000, 0x00000000ec880000, 0x0000000100000000)
  eden space 22016K, 99% used [0x00000000eab00000,0x00000000ec07bd50,0x00000000ec080000)
  from space 2048K, 99% used [0x00000000ec180000,0x00000000ec37c0b8,0x00000000ec380000)
  to   space 4096K, 0% used [0x00000000ec480000,0x00000000ec480000,0x00000000ec880000)
 ParOldGen       total 68608K, used 27135K [0x00000000c0000000, 0x00000000c4300000, 0x00000000eab00000)
  object space 68608K, 39% used [0x00000000c0000000,0x00000000c1a7ff50,0x00000000c4300000)
 Metaspace       used 54110K, committed 55296K, reserved 1114112K
  class space    used 5785K, committed 6336K, reserved 1048576K
}
Event: 18.258 GC heap after
{Heap after GC invocations=24 (full 2):
 PSYoungGen      total 24064K, used 1992K [0x00000000eab00000, 0x00000000ec680000, 0x0000000100000000)
  eden space 22016K, 0% used [0x00000000eab00000,0x00000000eab00000,0x00000000ec080000)
  from space 2048K, 97% used [0x00000000ec480000,0x00000000ec672240,0x00000000ec680000)
  to   space 3072K, 0% used [0x00000000ec080000,0x00000000ec080000,0x00000000ec380000)
 ParOldGen       total 68608K, used 29152K [0x00000000c0000000, 0x00000000c4300000, 0x00000000eab00000)
  object space 68608K, 42% used [0x00000000c0000000,0x00000000c1c781f8,0x00000000c4300000)
 Metaspace       used 54110K, committed 55296K, reserved 1114112K
  class space    used 5785K, committed 6336K, reserved 1048576K
}
Event: 18.941 GC heap before
{Heap before GC invocations=25 (full 2):
 PSYoungGen      total 24064K, used 24008K [0x00000000eab00000, 0x00000000ec680000, 0x0000000100000000)
  eden space 22016K, 100% used [0x00000000eab00000,0x00000000ec080000,0x00000000ec080000)
  from space 2048K, 97% used [0x00000000ec480000,0x00000000ec672240,0x00000000ec680000)
  to   space 3072K, 0% used [0x00000000ec080000,0x00000000ec080000,0x00000000ec380000)
 ParOldGen       total 68608K, used 29152K [0x00000000c0000000, 0x00000000c4300000, 0x00000000eab00000)
  object space 68608K, 42% used [0x00000000c0000000,0x00000000c1c781f8,0x00000000c4300000)
 Metaspace       used 55404K, committed 56576K, reserved 1114112K
  class space    used 5926K, committed 6464K, reserved 1048576K
}
Event: 18.947 GC heap after
{Heap after GC invocations=25 (full 2):
 PSYoungGen      total 24064K, used 1748K [0x00000000eab00000, 0x00000000ec500000, 0x0000000100000000)
  eden space 22016K, 0% used [0x00000000eab00000,0x00000000eab00000,0x00000000ec080000)
  from space 2048K, 85% used [0x00000000ec080000,0x00000000ec235098,0x00000000ec280000)
  to   space 2048K, 0% used [0x00000000ec300000,0x00000000ec300000,0x00000000ec500000)
 ParOldGen       total 68608K, used 31093K [0x00000000c0000000, 0x00000000c4300000, 0x00000000eab00000)
  object space 68608K, 45% used [0x00000000c0000000,0x00000000c1e5d6d0,0x00000000c4300000)
 Metaspace       used 55404K, committed 56576K, reserved 1114112K
  class space    used 5926K, committed 6464K, reserved 1048576K
}
Event: 19.021 GC heap before
{Heap before GC invocations=26 (full 2):
 PSYoungGen      total 24064K, used 23764K [0x00000000eab00000, 0x00000000ec500000, 0x0000000100000000)
  eden space 22016K, 100% used [0x00000000eab00000,0x00000000ec080000,0x00000000ec080000)
  from space 2048K, 85% used [0x00000000ec080000,0x00000000ec235098,0x00000000ec280000)
  to   space 2048K, 0% used [0x00000000ec300000,0x00000000ec300000,0x00000000ec500000)
 ParOldGen       total 68608K, used 31093K [0x00000000c0000000, 0x00000000c4300000, 0x00000000eab00000)
  object space 68608K, 45% used [0x00000000c0000000,0x00000000c1e5d6d0,0x00000000c4300000)
 Metaspace       used 55635K, committed 56832K, reserved 1114112K
  class space    used 5954K, committed 6528K, reserved 1048576K
}
Event: 19.031 GC heap after
{Heap after GC invocations=26 (full 2):
 PSYoungGen      total 24064K, used 1817K [0x00000000eab00000, 0x00000000ec500000, 0x0000000100000000)
  eden space 22016K, 0% used [0x00000000eab00000,0x00000000eab00000,0x00000000ec080000)
  from space 2048K, 88% used [0x00000000ec300000,0x00000000ec4c6580,0x00000000ec500000)
  to   space 2048K, 0% used [0x00000000ec080000,0x00000000ec080000,0x00000000ec280000)
 ParOldGen       total 68608K, used 32794K [0x00000000c0000000, 0x00000000c4300000, 0x00000000eab00000)
  object space 68608K, 47% used [0x00000000c0000000,0x00000000c20069f8,0x00000000c4300000)
 Metaspace       used 55635K, committed 56832K, reserved 1114112K
  class space    used 5954K, committed 6528K, reserved 1048576K
}
Event: 19.089 GC heap before
{Heap before GC invocations=27 (full 2):
 PSYoungGen      total 24064K, used 23833K [0x00000000eab00000, 0x00000000ec500000, 0x0000000100000000)
  eden space 22016K, 100% used [0x00000000eab00000,0x00000000ec080000,0x00000000ec080000)
  from space 2048K, 88% used [0x00000000ec300000,0x00000000ec4c6580,0x00000000ec500000)
  to   space 2048K, 0% used [0x00000000ec080000,0x00000000ec080000,0x00000000ec280000)
 ParOldGen       total 68608K, used 32794K [0x00000000c0000000, 0x00000000c4300000, 0x00000000eab00000)
  object space 68608K, 47% used [0x00000000c0000000,0x00000000c20069f8,0x00000000c4300000)
 Metaspace       used 55643K, committed 56832K, reserved 1114112K
  class space    used 5955K, committed 6528K, reserved 1048576K
}
Event: 19.098 GC heap after
{Heap after GC invocations=27 (full 2):
 PSYoungGen      total 24064K, used 2016K [0x00000000eab00000, 0x00000000ec980000, 0x0000000100000000)
  eden space 22016K, 0% used [0x00000000eab00000,0x00000000eab00000,0x00000000ec080000)
  from space 2048K, 98% used [0x00000000ec080000,0x00000000ec278010,0x00000000ec280000)
  to   space 4608K, 0% used [0x00000000ec500000,0x00000000ec500000,0x00000000ec980000)
 ParOldGen       total 68608K, used 34614K [0x00000000c0000000, 0x00000000c4300000, 0x00000000eab00000)
  object space 68608K, 50% used [0x00000000c0000000,0x00000000c21cdaf8,0x00000000c4300000)
 Metaspace       used 55643K, committed 56832K, reserved 1114112K
  class space    used 5955K, committed 6528K, reserved 1048576K
}
Event: 19.175 GC heap before
{Heap before GC invocations=28 (full 2):
 PSYoungGen      total 24064K, used 24032K [0x00000000eab00000, 0x00000000ec980000, 0x0000000100000000)
  eden space 22016K, 100% used [0x00000000eab00000,0x00000000ec080000,0x00000000ec080000)
  from space 2048K, 98% used [0x00000000ec080000,0x00000000ec278010,0x00000000ec280000)
  to   space 4608K, 0% used [0x00000000ec500000,0x00000000ec500000,0x00000000ec980000)
 ParOldGen       total 68608K, used 34614K [0x00000000c0000000, 0x00000000c4300000, 0x00000000eab00000)
  object space 68608K, 50% used [0x00000000c0000000,0x00000000c21cdaf8,0x00000000c4300000)
 Metaspace       used 55647K, committed 56832K, reserved 1114112K
  class space    used 5955K, committed 6528K, reserved 1048576K
}
Event: 19.181 GC heap after
{Heap after GC invocations=28 (full 2):
 PSYoungGen      total 23552K, used 1440K [0x00000000eab00000, 0x00000000ec680000, 0x0000000100000000)
  eden space 22016K, 0% used [0x00000000eab00000,0x00000000eab00000,0x00000000ec080000)
  from space 1536K, 93% used [0x00000000ec500000,0x00000000ec668000,0x00000000ec680000)
  to   space 2560K, 0% used [0x00000000ec180000,0x00000000ec180000,0x00000000ec400000)
 ParOldGen       total 68608K, used 36638K [0x00000000c0000000, 0x00000000c4300000, 0x00000000eab00000)
  object space 68608K, 53% used [0x00000000c0000000,0x00000000c23c7980,0x00000000c4300000)
 Metaspace       used 55647K, committed 56832K, reserved 1114112K
  class space    used 5955K, committed 6528K, reserved 1048576K
}
Event: 20.125 GC heap before
{Heap before GC invocations=29 (full 2):
 PSYoungGen      total 23552K, used 23456K [0x00000000eab00000, 0x00000000ec680000, 0x0000000100000000)
  eden space 22016K, 100% used [0x00000000eab00000,0x00000000ec080000,0x00000000ec080000)
  from space 1536K, 93% used [0x00000000ec500000,0x00000000ec668000,0x00000000ec680000)
  to   space 2560K, 0% used [0x00000000ec180000,0x00000000ec180000,0x00000000ec400000)
 ParOldGen       total 68608K, used 36638K [0x00000000c0000000, 0x00000000c4300000, 0x00000000eab00000)
  object space 68608K, 53% used [0x00000000c0000000,0x00000000c23c7980,0x00000000c4300000)
 Metaspace       used 57504K, committed 58688K, reserved 1114112K
  class space    used 6132K, committed 6656K, reserved 1048576K
}
Event: 20.131 GC heap after
{Heap after GC invocations=29 (full 2):
 PSYoungGen      total 24576K, used 2541K [0x00000000eab00000, 0x00000000ec980000, 0x0000000100000000)
  eden space 22016K, 0% used [0x00000000eab00000,0x00000000eab00000,0x00000000ec080000)
  from space 2560K, 99% used [0x00000000ec180000,0x00000000ec3fb578,0x00000000ec400000)
  to   space 4608K, 0% used [0x00000000ec500000,0x00000000ec500000,0x00000000ec980000)
 ParOldGen       total 68608K, used 38054K [0x00000000c0000000, 0x00000000c4300000, 0x00000000eab00000)
  object space 68608K, 55% used [0x00000000c0000000,0x00000000c2529980,0x00000000c4300000)
 Metaspace       used 57504K, committed 58688K, reserved 1114112K
  class space    used 6132K, committed 6656K, reserved 1048576K
}

