# JRE version: OpenJDK Runtime Environment Temurin-17.0.13+11 (17.0.13+11) (build 17.0.13+11)
# Java VM: OpenJDK 64-Bit Server VM Temurin-17.0.13+11 (17.0.13+11, mixed mode, tiered, compressed oops, compressed class ptrs, parallel gc, windows-amd64)
GC Precious Log:
 CPUs: 4 total, 4 available
 Memory: 7981M
 Large Page Support: Disabled
 NUMA Support: Disabled
 Compressed Oops: Enabled (32-bit)
 Alignments: Space 512K, Generation 512K, Heap 2M
 Heap Min Capacity: 100M
 Heap Initial Capacity: 100M
 Heap Max Capacity: 1G
 Pre-touch: Disabled
 Parallel Workers: 4
Heap:
 PSYoungGen      total 7168K, used 7094K [0x00000000eab00000, 0x00000000eb500000, 0x0000000100000000)
  eden space 5120K, 100% used [0x00000000eab00000,0x00000000eb000000,0x00000000eb000000)
  from space 2048K, 96% used [0x00000000eb080000,0x00000000eb26d958,0x00000000eb280000)
  to   space 2560K, 99% used [0x00000000eb280000,0x00000000eb4fb550,0x00000000eb500000)
 ParOldGen       total 215552K, used 212501K [0x00000000c0000000, 0x00000000cd280000, 0x00000000eab00000)
  object space 215552K, 98% used [0x00000000c0000000,0x00000000ccf857b8,0x00000000cd280000)
 Metaspace       used 75101K, committed 76608K, reserved 1179648K
  class space    used 7773K, committed 8448K, reserved 1048576K
GC Heap History (20 events):
Event: 58.811 GC heap before
{Heap before GC invocations=348 (full 10):
 PSYoungGen      total 6144K, used 5839K [0x00000000eab00000, 0x00000000eb200000, 0x0000000100000000)
  eden space 5120K, 100% used [0x00000000eab00000,0x00000000eb000000,0x00000000eb000000)
  from space 1024K, 70% used [0x00000000eb100000,0x00000000eb1b3f48,0x00000000eb200000)
  to   space 1024K, 0% used [0x00000000eb000000,0x00000000eb000000,0x00000000eb100000)
 ParOldGen       total 215552K, used 202424K [0x00000000c0000000, 0x00000000cd280000, 0x00000000eab00000)
  object space 215552K, 93% used [0x00000000c0000000,0x00000000cc5ae398,0x00000000cd280000)
 Metaspace       used 74985K, committed 76416K, reserved 1179648K
  class space    used 7761K, committed 8384K, reserved 1048576K
}
Event: 58.815 GC heap after
{Heap after GC invocations=348 (full 10):
 PSYoungGen      total 6144K, used 916K [0x00000000eab00000, 0x00000000eb300000, 0x0000000100000000)
  eden space 5120K, 0% used [0x00000000eab00000,0x00000000eab00000,0x00000000eb000000)
  from space 1024K, 89% used [0x00000000eb000000,0x00000000eb0e51e8,0x00000000eb100000)
  to   space 1024K, 0% used [0x00000000eb200000,0x00000000eb200000,0x00000000eb300000)
 ParOldGen       total 215552K, used 203078K [0x00000000c0000000, 0x00000000cd280000, 0x00000000eab00000)
  object space 215552K, 94% used [0x00000000c0000000,0x00000000cc651af8,0x00000000cd280000)
 Metaspace       used 74985K, committed 76416K, reserved 1179648K
  class space    used 7761K, committed 8384K, reserved 1048576K
}
Event: 58.866 GC heap before
{Heap before GC invocations=349 (full 10):
 PSYoungGen      total 6144K, used 6036K [0x00000000eab00000, 0x00000000eb300000, 0x0000000100000000)
  eden space 5120K, 100% used [0x00000000eab00000,0x00000000eb000000,0x00000000eb000000)
  from space 1024K, 89% used [0x00000000eb000000,0x00000000eb0e51e8,0x00000000eb100000)
  to   space 1024K, 0% used [0x00000000eb200000,0x00000000eb200000,0x00000000eb300000)
 ParOldGen       total 215552K, used 203078K [0x00000000c0000000, 0x00000000cd280000, 0x00000000eab00000)
  object space 215552K, 94% used [0x00000000c0000000,0x00000000cc651af8,0x00000000cd280000)
 Metaspace       used 74986K, committed 76416K, reserved 1179648K
  class space    used 7761K, committed 8384K, reserved 1048576K
}
Event: 58.870 GC heap after
{Heap after GC invocations=349 (full 10):
 PSYoungGen      total 6144K, used 890K [0x00000000eab00000, 0x00000000eb300000, 0x0000000100000000)
  eden space 5120K, 0% used [0x00000000eab00000,0x00000000eab00000,0x00000000eb000000)
  from space 1024K, 87% used [0x00000000eb200000,0x00000000eb2deba0,0x00000000eb300000)
  to   space 1024K, 0% used [0x00000000eb000000,0x00000000eb000000,0x00000000eb100000)
 ParOldGen       total 215552K, used 203909K [0x00000000c0000000, 0x00000000cd280000, 0x00000000eab00000)
  object space 215552K, 94% used [0x00000000c0000000,0x00000000cc721410,0x00000000cd280000)
 Metaspace       used 74986K, committed 76416K, reserved 1179648K
  class space    used 7761K, committed 8384K, reserved 1048576K
}
Event: 58.963 GC heap before
{Heap before GC invocations=350 (full 10):
 PSYoungGen      total 6144K, used 6010K [0x00000000eab00000, 0x00000000eb300000, 0x0000000100000000)
  eden space 5120K, 100% used [0x00000000eab00000,0x00000000eb000000,0x00000000eb000000)
  from space 1024K, 87% used [0x00000000eb200000,0x00000000eb2deba0,0x00000000eb300000)
  to   space 1024K, 0% used [0x00000000eb000000,0x00000000eb000000,0x00000000eb100000)
 ParOldGen       total 215552K, used 203909K [0x00000000c0000000, 0x00000000cd280000, 0x00000000eab00000)
  object space 215552K, 94% used [0x00000000c0000000,0x00000000cc721410,0x00000000cd280000)
 Metaspace       used 74991K, committed 76416K, reserved 1179648K
  class space    used 7761K, committed 8384K, reserved 1048576K
}
Event: 58.965 GC heap after
{Heap after GC invocations=350 (full 10):
 PSYoungGen      total 6144K, used 1014K [0x00000000eab00000, 0x00000000eb500000, 0x0000000100000000)
  eden space 5120K, 0% used [0x00000000eab00000,0x00000000eab00000,0x00000000eb000000)
  from space 1024K, 99% used [0x00000000eb000000,0x00000000eb0fdae0,0x00000000eb100000)
  to   space 2560K, 0% used [0x00000000eb280000,0x00000000eb280000,0x00000000eb500000)
 ParOldGen       total 215552K, used 204876K [0x00000000c0000000, 0x00000000cd280000, 0x00000000eab00000)
  object space 215552K, 95% used [0x00000000c0000000,0x00000000cc813200,0x00000000cd280000)
 Metaspace       used 74991K, committed 76416K, reserved 1179648K
  class space    used 7761K, committed 8384K, reserved 1048576K
}
Event: 59.087 GC heap before
{Heap before GC invocations=351 (full 10):
 PSYoungGen      total 6144K, used 6134K [0x00000000eab00000, 0x00000000eb500000, 0x0000000100000000)
  eden space 5120K, 100% used [0x00000000eab00000,0x00000000eb000000,0x00000000eb000000)
  from space 1024K, 99% used [0x00000000eb000000,0x00000000eb0fdae0,0x00000000eb100000)
  to   space 2560K, 0% used [0x00000000eb280000,0x00000000eb280000,0x00000000eb500000)
 ParOldGen       total 215552K, used 204876K [0x00000000c0000000, 0x00000000cd280000, 0x00000000eab00000)
  object space 215552K, 95% used [0x00000000c0000000,0x00000000cc813200,0x00000000cd280000)
 Metaspace       used 74992K, committed 76416K, reserved 1179648K
  class space    used 7761K, committed 8384K, reserved 1048576K
}
Event: 59.093 GC heap after
{Heap after GC invocations=351 (full 10):
 PSYoungGen      total 6656K, used 1260K [0x00000000eab00000, 0x00000000eb400000, 0x0000000100000000)
  eden space 5120K, 0% used [0x00000000eab00000,0x00000000eab00000,0x00000000eb000000)
  from space 1536K, 82% used [0x00000000eb280000,0x00000000eb3bb3a8,0x00000000eb400000)
  to   space 1536K, 0% used [0x00000000eb100000,0x00000000eb100000,0x00000000eb280000)
 ParOldGen       total 215552K, used 205861K [0x00000000c0000000, 0x00000000cd280000, 0x00000000eab00000)
  object space 215552K, 95% used [0x00000000c0000000,0x00000000cc909518,0x00000000cd280000)
 Metaspace       used 74992K, committed 76416K, reserved 1179648K
  class space    used 7761K, committed 8384K, reserved 1048576K
}
Event: 59.130 GC heap before
{Heap before GC invocations=352 (full 10):
 PSYoungGen      total 6656K, used 6380K [0x00000000eab00000, 0x00000000eb400000, 0x0000000100000000)
  eden space 5120K, 100% used [0x00000000eab00000,0x00000000eb000000,0x00000000eb000000)
  from space 1536K, 82% used [0x00000000eb280000,0x00000000eb3bb3a8,0x00000000eb400000)
  to   space 1536K, 0% used [0x00000000eb100000,0x00000000eb100000,0x00000000eb280000)
 ParOldGen       total 215552K, used 205861K [0x00000000c0000000, 0x00000000cd280000, 0x00000000eab00000)
  object space 215552K, 95% used [0x00000000c0000000,0x00000000cc909518,0x00000000cd280000)
 Metaspace       used 74995K, committed 76416K, reserved 1179648K
  class space    used 7761K, committed 8384K, reserved 1048576K
}
Event: 59.133 GC heap after
{Heap after GC invocations=352 (full 10):
 PSYoungGen      total 6656K, used 1530K [0x00000000eab00000, 0x00000000eb500000, 0x0000000100000000)
  eden space 5120K, 0% used [0x00000000eab00000,0x00000000eab00000,0x00000000eb000000)
  from space 1536K, 99% used [0x00000000eb100000,0x00000000eb27e858,0x00000000eb280000)
  to   space 2560K, 0% used [0x00000000eb280000,0x00000000eb280000,0x00000000eb500000)
 ParOldGen       total 215552K, used 206479K [0x00000000c0000000, 0x00000000cd280000, 0x00000000eab00000)
  object space 215552K, 95% used [0x00000000c0000000,0x00000000cc9a3de8,0x00000000cd280000)
 Metaspace       used 74995K, committed 76416K, reserved 1179648K
  class space    used 7761K, committed 8384K, reserved 1048576K
}
Event: 59.268 GC heap before
{Heap before GC invocations=353 (full 10):
 PSYoungGen      total 6656K, used 6650K [0x00000000eab00000, 0x00000000eb500000, 0x0000000100000000)
  eden space 5120K, 100% used [0x00000000eab00000,0x00000000eb000000,0x00000000eb000000)
  from space 1536K, 99% used [0x00000000eb100000,0x00000000eb27e858,0x00000000eb280000)
  to   space 2560K, 0% used [0x00000000eb280000,0x00000000eb280000,0x00000000eb500000)
 ParOldGen       total 215552K, used 206479K [0x00000000c0000000, 0x00000000cd280000, 0x00000000eab00000)
  object space 215552K, 95% used [0x00000000c0000000,0x00000000cc9a3de8,0x00000000cd280000)
 Metaspace       used 74998K, committed 76416K, reserved 1179648K
  class space    used 7761K, committed 8384K, reserved 1048576K
}
Event: 59.272 GC heap after
{Heap after GC invocations=353 (full 10):
 PSYoungGen      total 6656K, used 1188K [0x00000000eab00000, 0x00000000eb400000, 0x0000000100000000)
  eden space 5120K, 0% used [0x00000000eab00000,0x00000000eab00000,0x00000000eb000000)
  from space 1536K, 77% used [0x00000000eb280000,0x00000000eb3a9210,0x00000000eb400000)
  to   space 2048K, 0% used [0x00000000eb000000,0x00000000eb000000,0x00000000eb200000)
 ParOldGen       total 215552K, used 207959K [0x00000000c0000000, 0x00000000cd280000, 0x00000000eab00000)
  object space 215552K, 96% used [0x00000000c0000000,0x00000000ccb15dc0,0x00000000cd280000)
 Metaspace       used 74998K, committed 76416K, reserved 1179648K
  class space    used 7761K, committed 8384K, reserved 1048576K
}
Event: 59.309 GC heap before
{Heap before GC invocations=354 (full 10):
 PSYoungGen      total 6656K, used 6308K [0x00000000eab00000, 0x00000000eb400000, 0x0000000100000000)
  eden space 5120K, 100% used [0x00000000eab00000,0x00000000eb000000,0x00000000eb000000)
  from space 1536K, 77% used [0x00000000eb280000,0x00000000eb3a9210,0x00000000eb400000)
  to   space 2048K, 0% used [0x00000000eb000000,0x00000000eb000000,0x00000000eb200000)
 ParOldGen       total 215552K, used 207959K [0x00000000c0000000, 0x00000000cd280000, 0x00000000eab00000)
  object space 215552K, 96% used [0x00000000c0000000,0x00000000ccb15dc0,0x00000000cd280000)
 Metaspace       used 74998K, committed 76416K, reserved 1179648K
  class space    used 7761K, committed 8384K, reserved 1048576K
}
Event: 59.313 GC heap after
{Heap after GC invocations=354 (full 10):
 PSYoungGen      total 7168K, used 2041K [0x00000000eab00000, 0x00000000eb500000, 0x0000000100000000)
  eden space 5120K, 0% used [0x00000000eab00000,0x00000000eab00000,0x00000000eb000000)
  from space 2048K, 99% used [0x00000000eb000000,0x00000000eb1fe720,0x00000000eb200000)
  to   space 2560K, 0% used [0x00000000eb280000,0x00000000eb280000,0x00000000eb500000)
 ParOldGen       total 215552K, used 208114K [0x00000000c0000000, 0x00000000cd280000, 0x00000000eab00000)
  object space 215552K, 96% used [0x00000000c0000000,0x00000000ccb3cb48,0x00000000cd280000)
 Metaspace       used 74998K, committed 76416K, reserved 1179648K
  class space    used 7761K, committed 8384K, reserved 1048576K
}
Event: 59.401 GC heap before
{Heap before GC invocations=355 (full 10):
 PSYoungGen      total 7168K, used 7161K [0x00000000eab00000, 0x00000000eb500000, 0x0000000100000000)
  eden space 5120K, 100% used [0x00000000eab00000,0x00000000eb000000,0x00000000eb000000)
  from space 2048K, 99% used [0x00000000eb000000,0x00000000eb1fe720,0x00000000eb200000)
  to   space 2560K, 0% used [0x00000000eb280000,0x00000000eb280000,0x00000000eb500000)
 ParOldGen       total 215552K, used 208114K [0x00000000c0000000, 0x00000000cd280000, 0x00000000eab00000)
  object space 215552K, 96% used [0x00000000c0000000,0x00000000ccb3cb48,0x00000000cd280000)
 Metaspace       used 74998K, committed 76416K, reserved 1179648K
  class space    used 7761K, committed 8384K, reserved 1048576K
}
Event: 59.403 GC heap after
{Heap after GC invocations=355 (full 10):
 PSYoungGen      total 6656K, used 1297K [0x00000000eab00000, 0x00000000eb400000, 0x0000000100000000)
  eden space 5120K, 0% used [0x00000000eab00000,0x00000000eab00000,0x00000000eb000000)
  from space 1536K, 84% used [0x00000000eb280000,0x00000000eb3c4608,0x00000000eb400000)
  to   space 2048K, 0% used [0x00000000eb000000,0x00000000eb000000,0x00000000eb200000)
 ParOldGen       total 215552K, used 210072K [0x00000000c0000000, 0x00000000cd280000, 0x00000000eab00000)
  object space 215552K, 97% used [0x00000000c0000000,0x00000000ccd26200,0x00000000cd280000)
 Metaspace       used 74998K, committed 76416K, reserved 1179648K
  class space    used 7761K, committed 8384K, reserved 1048576K
}
Event: 59.513 GC heap before
{Heap before GC invocations=356 (full 10):
 PSYoungGen      total 6656K, used 6417K [0x00000000eab00000, 0x00000000eb400000, 0x0000000100000000)
  eden space 5120K, 100% used [0x00000000eab00000,0x00000000eb000000,0x00000000eb000000)
  from space 1536K, 84% used [0x00000000eb280000,0x00000000eb3c4608,0x00000000eb400000)
  to   space 2048K, 0% used [0x00000000eb000000,0x00000000eb000000,0x00000000eb200000)
 ParOldGen       total 215552K, used 210072K [0x00000000c0000000, 0x00000000cd280000, 0x00000000eab00000)
  object space 215552K, 97% used [0x00000000c0000000,0x00000000ccd26200,0x00000000cd280000)
 Metaspace       used 74998K, committed 76416K, reserved 1179648K
  class space    used 7761K, committed 8384K, reserved 1048576K
}
Event: 59.516 GC heap after
{Heap after GC invocations=356 (full 10):
 PSYoungGen      total 7168K, used 2047K [0x00000000eab00000, 0x00000000eb600000, 0x0000000100000000)
  eden space 5120K, 0% used [0x00000000eab00000,0x00000000eab00000,0x00000000eb000000)
  from space 2048K, 99% used [0x00000000eb000000,0x00000000eb1fffb0,0x00000000eb200000)
  to   space 3072K, 0% used [0x00000000eb300000,0x00000000eb300000,0x00000000eb600000)
 ParOldGen       total 215552K, used 210466K [0x00000000c0000000, 0x00000000cd280000, 0x00000000eab00000)
  object space 215552K, 97% used [0x00000000c0000000,0x00000000ccd889e8,0x00000000cd280000)
 Metaspace       used 74998K, committed 76416K, reserved 1179648K
  class space    used 7761K, committed 8384K, reserved 1048576K
}
Event: 59.539 GC heap before
{Heap before GC invocations=357 (full 10):
 PSYoungGen      total 7168K, used 7167K [0x00000000eab00000, 0x00000000eb600000, 0x0000000100000000)
  eden space 5120K, 100% used [0x00000000eab00000,0x00000000eb000000,0x00000000eb000000)
  from space 2048K, 99% used [0x00000000eb000000,0x00000000eb1fffb0,0x00000000eb200000)
  to   space 3072K, 0% used [0x00000000eb300000,0x00000000eb300000,0x00000000eb600000)
 ParOldGen       total 215552K, used 210466K [0x00000000c0000000, 0x00000000cd280000, 0x00000000eab00000)
  object space 215552K, 97% used [0x00000000c0000000,0x00000000ccd889e8,0x00000000cd280000)
 Metaspace       used 74999K, committed 76416K, reserved 1179648K
  class space    used 7761K, committed 8384K, reserved 1048576K
}
Event: 59.544 GC heap after
{Heap after GC invocations=357 (full 10):
 PSYoungGen      total 6656K, used 1093K [0x00000000eab00000, 0x00000000eb480000, 0x0000000100000000)
  eden space 5120K, 0% used [0x00000000eab00000,0x00000000eab00000,0x00000000eb000000)
  from space 1536K, 71% used [0x00000000eb300000,0x00000000eb411720,0x00000000eb480000)
  to   space 2048K, 0% used [0x00000000eb080000,0x00000000eb080000,0x00000000eb280000)
 ParOldGen       total 215552K, used 212454K [0x00000000c0000000, 0x00000000cd280000, 0x00000000eab00000)
  object space 215552K, 98% used [0x00000000c0000000,0x00000000ccf798f0,0x00000000cd280000)
 Metaspace       used 74999K, committed 76416K, reserved 1179648K
  class space    used 7761K, committed 8384K, reserved 1048576K
}

