-------------------------------------------------------------------------------
Test set: com.example.demo.DemoApplicationTests
-------------------------------------------------------------------------------
Tests run: 1, Failures: 0, Errors: 1, Skipped: 0, Time elapsed: 0.608 s <<< FAILURE! - in com.example.demo.DemoApplicationTests
com.example.demo.DemoApplicationTests  Time elapsed: 0.608 s  <<< ERROR!
java.lang.NoSuchMethodError: 'org.junit.jupiter.api.extension.ExecutableInvoker org.junit.jupiter.api.extension.ExtensionContext.getExecutableInvoker()'

