-------------------------------------------------------------------------------
Test set: com.example.demo.service.PublicacionServiceTest
-------------------------------------------------------------------------------
Tests run: 9, Failures: 0, Errors: 9, Skipped: 0, Time elapsed: 0.069 s <<< FAILURE! - in com.example.demo.service.PublicacionServiceTest
com.example.demo.service.PublicacionServiceTest.testEditarPublicacion  Time elapsed: 0.008 s  <<< ERROR!
java.lang.Error: 
Unresolved compilation problem: 
	ExtendWith cannot be resolved to a type

	at com.example.demo.service.PublicacionServiceTest.<init>(PublicacionServiceTest.java:18)

com.example.demo.service.PublicacionServiceTest.testEliminarPublicacion  Time elapsed: 0.008 s  <<< ERROR!
java.lang.Error: 
Unresolved compilation problem: 
	ExtendWith cannot be resolved to a type

	at com.example.demo.service.PublicacionServiceTest.<init>(PublicacionServiceTest.java:18)

com.example.demo.service.PublicacionServiceTest.testEliminarPublicacionNoExistente  Time elapsed: 0.01 s  <<< ERROR!
java.lang.Error: 
Unresolved compilation problem: 
	ExtendWith cannot be resolved to a type

	at com.example.demo.service.PublicacionServiceTest.<init>(PublicacionServiceTest.java:18)

com.example.demo.service.PublicacionServiceTest.testObtenerPublicacionesPorCategoria  Time elapsed: 0.004 s  <<< ERROR!
java.lang.Error: 
Unresolved compilation problem: 
	ExtendWith cannot be resolved to a type

	at com.example.demo.service.PublicacionServiceTest.<init>(PublicacionServiceTest.java:18)

com.example.demo.service.PublicacionServiceTest.testCrearPublicacion  Time elapsed: 0 s  <<< ERROR!
java.lang.Error: 
Unresolved compilation problem: 
	ExtendWith cannot be resolved to a type

	at com.example.demo.service.PublicacionServiceTest.<init>(PublicacionServiceTest.java:18)

com.example.demo.service.PublicacionServiceTest.testObtenerPublicacionesPorFecha  Time elapsed: 0.009 s  <<< ERROR!
java.lang.Error: 
Unresolved compilation problem: 
	ExtendWith cannot be resolved to a type

	at com.example.demo.service.PublicacionServiceTest.<init>(PublicacionServiceTest.java:18)

com.example.demo.service.PublicacionServiceTest.testObtenerPublicacionPorId  Time elapsed: 0.005 s  <<< ERROR!
java.lang.Error: 
Unresolved compilation problem: 
	ExtendWith cannot be resolved to a type

	at com.example.demo.service.PublicacionServiceTest.<init>(PublicacionServiceTest.java:18)

com.example.demo.service.PublicacionServiceTest.testObtenerPublicacionesPorRangoFechas  Time elapsed: 0.002 s  <<< ERROR!
java.lang.Error: 
Unresolved compilation problem: 
	ExtendWith cannot be resolved to a type

	at com.example.demo.service.PublicacionServiceTest.<init>(PublicacionServiceTest.java:18)

com.example.demo.service.PublicacionServiceTest.testObtenerPublicaciones  Time elapsed: 0.003 s  <<< ERROR!
java.lang.Error: 
Unresolved compilation problem: 
	ExtendWith cannot be resolved to a type

	at com.example.demo.service.PublicacionServiceTest.<init>(PublicacionServiceTest.java:18)

