# JRE version: Java(TM) SE Runtime Environment (23.0.1+11) (build 23.0.1+11-39)
# Java VM: Java HotSpot(TM) 64-Bit Server VM (23.0.1+11-39, mixed mode, sharing, tiered, compressed oops, compressed class ptrs, g1 gc, windows-amd64)
GC Precious Log:
 CardTable entry size: 512
 Card Set container configuration: InlinePtr #cards 5 size 8 Array Of Cards #cards 10 size 36 Howl #buckets 4 coarsen threshold 1843 Howl Bitmap #cards 512 size 80 coarsen threshold 460 Card regions per heap region 1 cards per card region 2048
 CPUs: 4 total, 4 available
 Memory: 7981M
 Large Page Support: Disabled
 NUMA Support: Disabled
 Compressed Oops: Enabled (32-bit)
 Heap Region Size: 1M
 Heap Min Capacity: 8M
 Heap Initial Capacity: 126M
 Heap Max Capacity: 1996M
 Pre-touch: Disabled
 Parallel Workers: 4
 Concurrent Workers: 1
 Concurrent Refinement Workers: 4
 Periodic GC: Disabled
Heap:
 garbage-first heap   total reserved 2043904K, committed 86016K, used 47332K [0x0000000083400000, 0x0000000100000000)
  region size 1024K, 30 young (30720K), 9 survivors (9216K)
 Metaspace       used 26039K, committed 26368K, reserved 1114112K
  class space    used 3097K, committed 3264K, reserved 1048576K
GC Heap History (12 events):
Event: 0.549 GC heap before
{Heap before GC invocations=0 (full 0):
 garbage-first heap   total reserved 2043904K, committed 129024K, used 14336K [0x0000000083400000, 0x0000000100000000)
  region size 1024K, 14 young (14336K), 0 survivors (0K)
 Metaspace       used 4125K, committed 4352K, reserved 1114112K
  class space    used 446K, committed 576K, reserved 1048576K
}
Event: 0.558 GC heap after
{Heap after GC invocations=1 (full 0):
 garbage-first heap   total reserved 2043904K, committed 129024K, used 3263K [0x0000000083400000, 0x0000000100000000)
  region size 1024K, 2 young (2048K), 2 survivors (2048K)
 Metaspace       used 4125K, committed 4352K, reserved 1114112K
  class space    used 446K, committed 576K, reserved 1048576K
}
Event: 1.102 GC heap before
{Heap before GC invocations=1 (full 0):
 garbage-first heap   total reserved 2043904K, committed 129024K, used 16575K [0x0000000083400000, 0x0000000100000000)
  region size 1024K, 15 young (15360K), 2 survivors (2048K)
 Metaspace       used 6242K, committed 6464K, reserved 1114112K
  class space    used 765K, committed 896K, reserved 1048576K
}
Event: 1.105 GC heap after
{Heap after GC invocations=2 (full 0):
 garbage-first heap   total reserved 2043904K, committed 129024K, used 4171K [0x0000000083400000, 0x0000000100000000)
  region size 1024K, 1 young (1024K), 1 survivors (1024K)
 Metaspace       used 6242K, committed 6464K, reserved 1114112K
  class space    used 765K, committed 896K, reserved 1048576K
}
Event: 2.167 GC heap before
{Heap before GC invocations=2 (full 0):
 garbage-first heap   total reserved 2043904K, committed 129024K, used 38987K [0x0000000083400000, 0x0000000100000000)
  region size 1024K, 35 young (35840K), 1 survivors (1024K)
 Metaspace       used 11780K, committed 12032K, reserved 1114112K
  class space    used 1470K, committed 1600K, reserved 1048576K
}
Event: 2.172 GC heap after
{Heap after GC invocations=3 (full 0):
 garbage-first heap   total reserved 2043904K, committed 129024K, used 6400K [0x0000000083400000, 0x0000000100000000)
  region size 1024K, 3 young (3072K), 3 survivors (3072K)
 Metaspace       used 11780K, committed 12032K, reserved 1114112K
  class space    used 1470K, committed 1600K, reserved 1048576K
}
Event: 3.472 GC heap before
{Heap before GC invocations=3 (full 0):
 garbage-first heap   total reserved 2043904K, committed 129024K, used 46336K [0x0000000083400000, 0x0000000100000000)
  region size 1024K, 42 young (43008K), 3 survivors (3072K)
 Metaspace       used 15826K, committed 16064K, reserved 1114112K
  class space    used 1932K, committed 2048K, reserved 1048576K
}
Event: 3.483 GC heap after
{Heap after GC invocations=4 (full 0):
 garbage-first heap   total reserved 2043904K, committed 129024K, used 11204K [0x0000000083400000, 0x0000000100000000)
  region size 1024K, 6 young (6144K), 6 survivors (6144K)
 Metaspace       used 15826K, committed 16064K, reserved 1114112K
  class space    used 1932K, committed 2048K, reserved 1048576K
}
Event: 4.439 GC heap before
{Heap before GC invocations=4 (full 0):
 garbage-first heap   total reserved 2043904K, committed 129024K, used 56260K [0x0000000083400000, 0x0000000100000000)
  region size 1024K, 50 young (51200K), 6 survivors (6144K)
 Metaspace       used 16383K, committed 16640K, reserved 1114112K
  class space    used 1956K, committed 2048K, reserved 1048576K
}
Event: 4.450 GC heap after
{Heap after GC invocations=5 (full 0):
 garbage-first heap   total reserved 2043904K, committed 129024K, used 15018K [0x0000000083400000, 0x0000000100000000)
  region size 1024K, 4 young (4096K), 4 survivors (4096K)
 Metaspace       used 16383K, committed 16640K, reserved 1114112K
  class space    used 1956K, committed 2048K, reserved 1048576K
}
Event: 6.226 GC heap before
{Heap before GC invocations=5 (full 0):
 garbage-first heap   total reserved 2043904K, committed 129024K, used 103082K [0x0000000083400000, 0x0000000100000000)
  region size 1024K, 55 young (56320K), 4 survivors (4096K)
 Metaspace       used 21269K, committed 21504K, reserved 1114112K
  class space    used 2558K, committed 2688K, reserved 1048576K
}
Event: 6.236 GC heap after
{Heap after GC invocations=6 (full 0):
 garbage-first heap   total reserved 2043904K, committed 129024K, used 24804K [0x0000000083400000, 0x0000000100000000)
  region size 1024K, 9 young (9216K), 9 survivors (9216K)
 Metaspace       used 21269K, committed 21504K, reserved 1114112K
  class space    used 2558K, committed 2688K, reserved 1048576K
}

